{"/home/olibek/Desktop/projects/jest/sample.js": {"path":"/home/olibek/Desktop/projects/jest/sample.js","statementMap":{"0":{"start":{"line":3,"column":2},"end":{"line":3,"column":15}},"1":{"start":{"line":8,"column":2},"end":{"line":8,"column":15}},"2":{"start":{"line":13,"column":2},"end":{"line":17,"column":5}},"3":{"start":{"line":14,"column":4},"end":{"line":16,"column":13}},"4":{"start":{"line":15,"column":6},"end":{"line":15,"column":22}},"5":{"start":{"line":21,"column":22},"end":{"line":21,"column":42}},"6":{"start":{"line":22,"column":2},"end":{"line":27,"column":3}},"7":{"start":{"line":23,"column":14},"end":{"line":23,"column":36}},"8":{"start":{"line":24,"column":4},"end":{"line":26,"column":17}},"9":{"start":{"line":24,"column":33},"end":{"line":24,"column":48}},"10":{"start":{"line":25,"column":9},"end":{"line":26,"column":17}},"11":{"start":{"line":25,"column":38},"end":{"line":25,"column":50}},"12":{"start":{"line":26,"column":9},"end":{"line":26,"column":17}},"13":{"start":{"line":28,"column":2},"end":{"line":28,"column":20}},"14":{"start":{"line":31,"column":0},"end":{"line":37,"column":2}}},"fnMap":{"0":{"name":"sum","decl":{"start":{"line":2,"column":9},"end":{"line":2,"column":12}},"loc":{"start":{"line":2,"column":19},"end":{"line":4,"column":1}},"line":2},"1":{"name":"multiply","decl":{"start":{"line":7,"column":9},"end":{"line":7,"column":17}},"loc":{"start":{"line":7,"column":24},"end":{"line":9,"column":1}},"line":7},"2":{"name":"fetchData","decl":{"start":{"line":12,"column":15},"end":{"line":12,"column":24}},"loc":{"start":{"line":12,"column":27},"end":{"line":18,"column":1}},"line":12},"3":{"name":"(anonymous_3)","decl":{"start":{"line":13,"column":21},"end":{"line":13,"column":22}},"loc":{"start":{"line":13,"column":34},"end":{"line":17,"column":3}},"line":13},"4":{"name":"(anonymous_4)","decl":{"start":{"line":14,"column":15},"end":{"line":14,"column":16}},"loc":{"start":{"line":14,"column":21},"end":{"line":16,"column":5}},"line":14},"5":{"name":"findMin","decl":{"start":{"line":20,"column":9},"end":{"line":20,"column":16}},"loc":{"start":{"line":20,"column":23},"end":{"line":29,"column":1}},"line":20}},"branchMap":{"0":{"loc":{"start":{"line":24,"column":4},"end":{"line":26,"column":17}},"type":"if","locations":[{"start":{"line":24,"column":4},"end":{"line":26,"column":17}},{"start":{"line":25,"column":9},"end":{"line":26,"column":17}}],"line":24},"1":{"loc":{"start":{"line":25,"column":9},"end":{"line":26,"column":17}},"type":"if","locations":[{"start":{"line":25,"column":9},"end":{"line":26,"column":17}},{"start":{"line":26,"column":9},"end":{"line":26,"column":17}}],"line":25}},"s":{"0":1,"1":1,"2":1,"3":1,"4":1,"5":1,"6":1,"7":1,"8":1,"9":1,"10":0,"11":0,"12":0,"13":1,"14":1},"f":{"0":1,"1":1,"2":1,"3":1,"4":1,"5":1},"b":{"0":[1,0],"1":[0,0]},"_coverageSchema":"1a1c01bbd47fc00a2c39e90264f33305004495a9","hash":"55ef6b2ffd2981490a7ea4653e56cce66754db27"}
}
