{"/home/olibek/Desktop/projects/jest/sample.js": {"path":"/home/olibek/Desktop/projects/jest/sample.js","statementMap":{"0":{"start":{"line":3,"column":2},"end":{"line":3,"column":15}},"1":{"start":{"line":8,"column":2},"end":{"line":8,"column":15}},"2":{"start":{"line":13,"column":2},"end":{"line":17,"column":5}},"3":{"start":{"line":14,"column":4},"end":{"line":16,"column":13}},"4":{"start":{"line":15,"column":6},"end":{"line":15,"column":22}},"5":{"start":{"line":20,"column":0},"end":{"line":24,"column":2}}},"fnMap":{"0":{"name":"sum","decl":{"start":{"line":2,"column":9},"end":{"line":2,"column":12}},"loc":{"start":{"line":2,"column":19},"end":{"line":4,"column":1}},"line":2},"1":{"name":"multiply","decl":{"start":{"line":7,"column":9},"end":{"line":7,"column":17}},"loc":{"start":{"line":7,"column":24},"end":{"line":9,"column":1}},"line":7},"2":{"name":"fetchData","decl":{"start":{"line":12,"column":15},"end":{"line":12,"column":24}},"loc":{"start":{"line":12,"column":27},"end":{"line":18,"column":1}},"line":12},"3":{"name":"(anonymous_3)","decl":{"start":{"line":13,"column":21},"end":{"line":13,"column":22}},"loc":{"start":{"line":13,"column":34},"end":{"line":17,"column":3}},"line":13},"4":{"name":"(anonymous_4)","decl":{"start":{"line":14,"column":15},"end":{"line":14,"column":16}},"loc":{"start":{"line":14,"column":21},"end":{"line":16,"column":5}},"line":14}},"branchMap":{},"s":{"0":1,"1":1,"2":1,"3":1,"4":1,"5":1},"f":{"0":1,"1":1,"2":1,"3":1,"4":1},"b":{},"_coverageSchema":"1a1c01bbd47fc00a2c39e90264f33305004495a9","hash":"99ec8df838163ef3ee6067de18528f22931dd347"}
}
